<?xml version="1.0" encoding="UTF-8"?>
<!-- Generated by org.testng.reporters.JUnitReportReporter -->
<testsuite hostname="san-PC" name="com.bank.scripts.TestLogin" tests="1" failures="0" timestamp="6 Dec 2021 07:19:20 GMT" time="0.038" errors="0">
  <testcase name="test_01" time="0.038" classname="com.bank.scripts.TestLogin"/>
</testsuite> <!-- com.bank.scripts.TestLogin -->
