<?xml version="1.0" encoding="UTF-8"?>
<!-- Generated by org.testng.reporters.JUnitReportReporter -->
<testsuite hostname="san-PC" name="com.bank.scripts.TestLoginPage" tests="2" failures="0" timestamp="7 Dec 2021 07:40:08 GMT" time="0.047" errors="0">
  <testcase name="verifyHomePage" time="0.027" classname="com.bank.scripts.TestLoginPage"/>
  <testcase name="verifyCustomer" time="0.020" classname="com.bank.scripts.TestLoginPage"/>
</testsuite> <!-- com.bank.scripts.TestLoginPage -->
