<?xml version="1.0" encoding="UTF-8"?>
<!-- Generated by org.testng.reporters.JUnitReportReporter -->
<testsuite hostname="san-PC" name="com.bank.scripts.TestLoginPage" tests="2" failures="0" timestamp="9 Dec 2021 07:15:36 GMT" time="0.115" errors="0">
  <testcase name="verifyHomePage" time="0.110" classname="com.bank.scripts.TestLoginPage"/>
  <testcase name="verifyCustomer" time="0.005" classname="com.bank.scripts.TestLoginPage"/>
</testsuite> <!-- com.bank.scripts.TestLoginPage -->
