<?xml version="1.0" encoding="UTF-8"?>
<!-- Generated by org.testng.reporters.JUnitReportReporter -->
<testsuite hostname="san-PC" name="com.bank.scripts.TestServices" tests="2" failures="0" timestamp="9 Dec 2021 07:15:36 GMT" time="8.749" errors="0">
  <testcase name="testATMServices" time="6.595" classname="com.bank.scripts.TestServices"/>
  <testcase name="testOnlineServices" time="2.154" classname="com.bank.scripts.TestServices"/>
</testsuite> <!-- com.bank.scripts.TestServices -->
