<?xml version="1.0" encoding="UTF-8"?>
<!-- Generated by org.testng.reporters.JUnitReportReporter -->
<testsuite hostname="san-PC" name="com.bank.scripts.TestNewsPage" tests="1" failures="0" timestamp="9 Dec 2021 07:15:36 GMT" time="6.349" errors="0">
  <testcase name="news" time="6.349" classname="com.bank.scripts.TestNewsPage"/>
</testsuite> <!-- com.bank.scripts.TestNewsPage -->
